2024-02-24 17:43:17,002 - root - INFO - MyLogger inicializado correctamente
2024-02-24 17:44:30,834 - root - INFO - MyLogger inicializado correctamente
2024-02-24 17:47:00,011 - root - INFO - MyLogger inicializado correctamente
2024-02-24 17:48:31,199 - root - INFO - MyLogger inicializado correctamente
2024-02-24 17:48:58,537 - root - INFO - MyLogger inicializado correctamente
2024-02-24 17:49:49,608 - root - INFO - MyLogger inicializado correctamente
2024-02-24 17:50:57,435 - root - INFO - MyLogger inicializado correctamente
2024-02-24 17:50:57,886 - root - INFO - <models.utils_models.Point object at 0x00000241157EC9D0>
2024-02-24 17:52:03,229 - root - INFO - MyLogger inicializado correctamente
2024-02-24 17:52:03,715 - root - INFO - <models.utils_models.Point object at 0x000001C05BC55490>
2024-02-24 17:54:58,183 - root - INFO - [93mMyLogger: MyLogger inicializado correctamente[0m
2024-02-24 17:54:59,826 - root - INFO - <models.utils_models.Point object at 0x000001E9FA6E0B50>
2024-02-24 17:55:35,102 - root - INFO - [93mMyLogger: MyLogger inicializado correctamente[0m
2024-02-24 17:55:35,538 - root - INFO - <models.utils_models.Point object at 0x000002B3AB809950>
2024-02-24 17:56:02,096 - root - INFO - [93mMyLogger: MyLogger inicializado correctamente[0m
2024-02-24 17:56:03,729 - root - INFO - <models.utils_models.Point object at 0x000001EB4D84EC50>
2024-02-24 17:58:06,777 - root - INFO - [93mMyLogger: MyLogger inicializado correctamente[0m
2024-02-24 17:58:07,269 - root - INFO - <models.utils_models.Point object at 0x00000278461BDA90>
2024-02-24 17:58:17,202 - root - INFO - [93mMyLogger: MyLogger inicializado correctamente[0m
2024-02-24 17:58:41,643 - root - INFO - [93mMyLogger: MyLogger inicializado correctamente[0m
2024-02-24 18:01:01,412 - root - INFO - [93mMyLogger: MyLogger inicializado correctamente[0m
2024-02-24 18:01:03,079 - root - INFO - <models.utils_models.Point object at 0x0000025ED68937D0>
2024-02-24 18:04:13,443 - root - INFO - [93mMyLogger: MyLogger inicializado correctamente[0m
2024-02-24 18:12:41,073 - root - INFO - [93mMyLogger: MyLogger inicializado correctamente[0m
2024-02-24 18:22:15,491 - root - INFO - [93mMyLogger: MyLogger inicializado correctamente[0m
2024-02-24 18:27:17,265 - root - INFO - [93mMyLogger: MyLogger inicializado correctamente[0m
2024-02-24 18:27:43,917 - root - INFO - [93mMyLogger: MyLogger inicializado correctamente[0m
2024-02-24 18:27:44,288 - root - INFO - <models.utils_models.Point object at 0x000002479358E890>
2024-02-24 18:28:17,823 - root - INFO - [93mMyLogger: MyLogger inicializado correctamente[0m
2024-02-24 18:28:19,408 - root - INFO - <models.utils_models.Point object at 0x000001B5BF12EE10>
2024-02-24 18:29:45,114 - root - INFO - [93mMyLogger: MyLogger inicializado correctamente[0m
2024-02-24 18:29:45,484 - root - INFO - <models.utils_models.Point object at 0x000002FBABA275D0>
2024-02-24 18:33:43,165 - root - INFO - [93mMyLogger: MyLogger inicializado correctamente[0m
2024-02-24 18:33:43,536 - root - INFO - <models.utils_models.Point object at 0x00000193822A4990>
2024-02-24 18:36:27,826 - root - INFO - [93mMyLogger: MyLogger inicializado correctamente[0m
2024-02-24 18:36:28,205 - root - INFO - <models.utils_models.Point object at 0x0000028AD9195790>
2024-02-24 18:37:18,208 - root - INFO - [93mMyLogger: MyLogger inicializado correctamente[0m
2024-02-24 18:37:19,985 - root - INFO - <models.utils_models.Point object at 0x00000224E3ABCAD0>
2024-02-24 18:46:37,274 - root - INFO - [93mMyLogger: MyLogger inicializado correctamente[0m
2024-02-24 18:46:38,865 - root - INFO - <models.utils_models.Point object at 0x00000203A8DCF250>
2024-02-24 18:47:56,163 - root - INFO - [93mMyLogger: MyLogger inicializado correctamente[0m
2024-02-24 18:47:57,777 - root - INFO - <models.utils_models.Point object at 0x0000024B483AFA10>
2024-02-24 18:49:31,153 - root - INFO - [93mMyLogger: MyLogger inicializado correctamente[0m
2024-02-24 18:49:32,683 - root - INFO - <models.utils_models.Point object at 0x00000174F00AF310>
2024-02-24 18:50:30,300 - root - INFO - [93mMyLogger: MyLogger inicializado correctamente[0m
2024-02-24 18:50:30,669 - root - INFO - <models.utils_models.Point object at 0x0000020CFE001490>
2024-02-24 18:51:23,028 - root - INFO - [93mMyLogger: MyLogger inicializado correctamente[0m
2024-02-24 18:51:23,400 - root - INFO - <models.utils_models.Point object at 0x00000189A3E9FC10>
2024-02-24 18:51:42,196 - root - INFO - [93mMyLogger: MyLogger inicializado correctamente[0m
2024-02-24 18:51:42,568 - root - INFO - <models.utils_models.Point object at 0x000001650224FC90>
2024-02-24 18:52:58,550 - root - INFO - [93mMyLogger: MyLogger inicializado correctamente[0m
2024-02-24 18:53:20,232 - root - INFO - [93mMyLogger: MyLogger inicializado correctamente[0m
2024-02-24 18:53:21,795 - root - INFO - <models.utils_models.Point object at 0x000001E34AD03CD0>
2024-02-24 18:54:11,728 - root - INFO - [93mMyLogger: MyLogger inicializado correctamente[0m
2024-02-24 18:54:13,292 - root - INFO - <models.utils_models.Point object at 0x0000011A35D84E90>
2024-02-24 18:54:37,318 - root - INFO - [93mMyLogger: MyLogger inicializado correctamente[0m
2024-02-24 18:54:37,702 - root - INFO - <models.utils_models.Point object at 0x0000019ECD7CC890>
2024-02-24 18:54:57,159 - root - INFO - [93mMyLogger: MyLogger inicializado correctamente[0m
2024-02-24 18:54:57,530 - root - INFO - <models.utils_models.Point object at 0x0000017389BF94D0>
2024-02-24 18:56:19,620 - root - INFO - [93mMyLogger: MyLogger inicializado correctamente[0m
2024-02-24 18:56:20,000 - root - INFO - <models.utils_models.Point object at 0x000001D130BB3A50>
2024-02-24 18:56:45,862 - root - INFO - [93mMyLogger: MyLogger inicializado correctamente[0m
2024-02-24 18:56:46,233 - root - INFO - <models.utils_models.Point object at 0x000001F6CF9ED4D0>
2024-02-24 18:57:59,324 - root - INFO - [93mMyLogger: MyLogger inicializado correctamente[0m
2024-02-24 18:57:59,700 - root - INFO - <models.utils_models.Point object at 0x0000022DA0B4E150>
2024-02-24 18:58:37,260 - root - INFO - [93mMyLogger: MyLogger inicializado correctamente[0m
2024-02-24 18:58:38,856 - root - INFO - <models.utils_models.Point object at 0x000001DF22E4C710>
2024-02-24 18:59:42,375 - root - INFO - [93mMyLogger: MyLogger inicializado correctamente[0m
2024-02-24 18:59:42,764 - root - INFO - <models.utils_models.Point object at 0x0000023CA232D510>
2024-02-24 19:00:45,917 - root - INFO - [93mMyLogger: MyLogger inicializado correctamente[0m
2024-02-24 19:00:46,284 - root - INFO - <models.utils_models.Point object at 0x00000210F16293D0>
2024-02-24 19:13:10,313 - root - INFO - [93mMyLogger: MyLogger inicializado correctamente[0m
2024-02-24 19:13:11,911 - root - INFO - <models.utils_models.Point object at 0x000001B72A71FE50>
2024-02-24 19:14:27,934 - root - INFO - [93mMyLogger: MyLogger inicializado correctamente[0m
2024-02-24 19:14:29,510 - root - INFO - <models.utils_models.Point object at 0x00000158D2D6BA50>
2024-02-24 19:14:38,790 - root - INFO - [93mMyLogger: MyLogger inicializado correctamente[0m
2024-02-24 19:14:39,193 - root - INFO - <models.utils_models.Point object at 0x0000026058358710>
2024-02-24 19:15:42,732 - root - INFO - [93mMyLogger: MyLogger inicializado correctamente[0m
2024-02-24 19:15:44,417 - root - INFO - <models.utils_models.Point object at 0x0000017980801110>
2024-02-24 19:16:21,310 - root - INFO - [93mMyLogger: MyLogger inicializado correctamente[0m
2024-02-24 19:16:22,985 - root - INFO - <models.utils_models.Point object at 0x000001F7C3213990>
